0 silly argv {
0 silly argv   _: [ 'version' ],
0 silly argv   lernaVersion: '8.2.1',
0 silly argv   '$0': 'node_modules/lerna/dist/cli.js'
0 silly argv }
1 notice cli v8.2.1
2 verbose packageConfigs Explicit "packages" configuration found in lerna.json. Resolving packages using the configured glob(s): ["packages/*","apps/*"]
3 verbose rootPath /Users/bianxiaokai/workspace/bxk-monorepo
4 info versioning independent
5 silly isAnythingCommitted
6 verbose isAnythingCommitted 1
7 silly getCurrentBranch
8 verbose currentBranch main
9 silly remoteBranchExists
10 silly isBehindUpstream
11 silly isBehindUpstream main is behind origin/main by 0 commit(s) and ahead by 1
12 silly hasTags
13 verbose hasTags true
14 silly git-describe.sync "@my-scope/package-a@1.0.3-1-gce99fbc" => {"lastTagName":"@my-scope/package-a@1.0.3","lastVersion":"1.0.3","refCount":"1","sha":"ce99fbc","isDirty":false}
15 info Looking for changed packages since @my-scope/package-a@1.0.3
16 info ignoring diff in paths matching [ '**/node_modules/**', '**/__snapshots__/**' ]
17 silly checking diff apps/example-app
18 silly found diff in apps/example-app/package.json
19 verbose filtered diff [ 'apps/example-app/package.json' ]
20 silly checking diff packages/package-a
21 silly found diff in packages/package-a/package-lock.json
21 silly found diff in packages/package-a/package.json
22 verbose filtered diff [
22 verbose filtered diff   'packages/package-a/package-lock.json',
22 verbose filtered diff   'packages/package-a/package.json'
22 verbose filtered diff ]
23 silly checking diff packages/package-b
24 silly found diff in packages/package-b/package.json
25 verbose filtered diff [ 'packages/package-b/package.json' ]
26 verbose updated example-app
27 verbose updated @my-scope/package-a
28 verbose updated @my-scope/package-b
29 verbose git-describe undefined => "@my-scope/package-a@1.0.3-1-gce99fbc"
30 silly git-describe parsed => {"lastTagName":"@my-scope/package-a@1.0.3","lastVersion":"1.0.3","refCount":"1","sha":"ce99fbc","isDirty":false}
31 silly independent for example-app at /Users/bianxiaokai/workspace/bxk-monorepo/apps/example-app
32 verbose getChangelogConfig using preset "conventional-changelog-angular"
33 silly npa Result {
33 silly npa   type: 'range',
33 silly npa   registry: true,
33 silly npa   where: undefined,
33 silly npa   raw: 'conventional-changelog-angular',
33 silly npa   name: 'conventional-changelog-angular',
33 silly npa   escapedName: 'conventional-changelog-angular',
33 silly npa   scope: undefined,
33 silly npa   rawSpec: '*',
33 silly npa   saveSpec: null,
33 silly npa   fetchSpec: '*',
33 silly npa   gitRange: undefined,
33 silly npa   gitCommittish: undefined,
33 silly npa   gitSubdir: undefined,
33 silly npa   hosted: undefined
33 silly npa }
34 verbose getChangelogConfig Attempting to resolve preset "conventional-changelog-angular"
35 info getChangelogConfig Successfully resolved preset "conventional-changelog-angular"
36 verbose independent increment 1.0.0 by minor
37 silly independent for @my-scope/package-a at /Users/bianxiaokai/workspace/bxk-monorepo/packages/package-a
38 verbose independent increment 1.0.0 by minor
39 silly independent for @my-scope/package-b at /Users/bianxiaokai/workspace/bxk-monorepo/packages/package-b
40 verbose independent increment 1.0.0 by minor
41 info execute Skipping releases
42 warn lifecycle Skipping root "preversion" because it has already been called
43 silly lifecycle No script for "preversion" in "@my-scope/package-a", continuing
44 silly lifecycle No script for "version" in "@my-scope/package-a", continuing
45 silly independent for @my-scope/package-a at /Users/bianxiaokai/workspace/bxk-monorepo/packages/package-a
46 silly independent writing new entry: "# [1.1.0](https://github.com/ginger-coder/bxk-monorepo/compare/@my-scope/package-a@1.0.3...@my-scope/package-a@1.1.0) (2025-03-20)\n\n\n### Features\n\n* 更新 ([ce99fbc](https://github.com/ginger-coder/bxk-monorepo/commit/ce99fbc7ff0d5af9230865137aa60a56fca54f82))\n\n\n\n"
47 verbose independent wrote /Users/bianxiaokai/workspace/bxk-monorepo/packages/package-a/CHANGELOG.md
48 silly lifecycle No script for "preversion" in "@my-scope/package-b", continuing
49 verbose version @my-scope/package-b has no lockfile. Skipping lockfile update.
50 silly lifecycle No script for "version" in "@my-scope/package-b", continuing
51 silly independent for @my-scope/package-b at /Users/bianxiaokai/workspace/bxk-monorepo/packages/package-b
52 silly independent writing new entry: "# [1.1.0](https://github.com/ginger-coder/bxk-monorepo/compare/@my-scope/package-b@1.0.3...@my-scope/package-b@1.1.0) (2025-03-20)\n\n\n### Features\n\n* 更新 ([ce99fbc](https://github.com/ginger-coder/bxk-monorepo/commit/ce99fbc7ff0d5af9230865137aa60a56fca54f82))\n\n\n\n"
53 verbose independent wrote /Users/bianxiaokai/workspace/bxk-monorepo/packages/package-b/CHANGELOG.md
54 silly lifecycle No script for "preversion" in "example-app", continuing
55 verbose version example-app has no lockfile. Skipping lockfile update.
56 silly lifecycle No script for "version" in "example-app", continuing
57 silly independent for example-app at /Users/bianxiaokai/workspace/bxk-monorepo/apps/example-app
58 silly independent writing new entry: "# [1.1.0](https://github.com/ginger-coder/bxk-monorepo/compare/example-app@1.0.3...example-app@1.1.0) (2025-03-20)\n\n\n### Features\n\n* 更新 ([ce99fbc](https://github.com/ginger-coder/bxk-monorepo/commit/ce99fbc7ff0d5af9230865137aa60a56fca54f82))\n\n\n\n"
59 verbose independent wrote /Users/bianxiaokai/workspace/bxk-monorepo/apps/example-app/CHANGELOG.md
60 warn lifecycle Skipping root "version" because it has already been called
61 verbose version Updating root pnpm-lock.yaml
62 silly gitAdd [
62 silly gitAdd   'packages/package-a/package.json',
62 silly gitAdd   'packages/package-a/package-lock.json',
62 silly gitAdd   'packages/package-a/CHANGELOG.md',
62 silly gitAdd   'packages/package-b/package.json',
62 silly gitAdd   'packages/package-b/CHANGELOG.md',
62 silly gitAdd   'apps/example-app/package.json',
62 silly gitAdd   'apps/example-app/CHANGELOG.md',
62 silly gitAdd   'pnpm-lock.yaml'
62 silly gitAdd ]
63 silly gitCommit [skip ci] chore: release
63 silly gitCommit
63 silly gitCommit  - example-app@1.1.0
63 silly gitCommit  - @my-scope/package-a@1.1.0
63 silly gitCommit  - @my-scope/package-b@1.1.0
64 verbose git [
64 verbose git   'commit',
64 verbose git   '-F',
64 verbose git   '/private/var/folders/b1/05zlp85s6d358bwz_43bksxc0000gn/T/4adce0b7-53d0-4db0-8414-0bf9a44f3fbf/lerna-commit.txt'
64 verbose git ]
65 silly gitTag example-app@1.1.0 git tag %s -m %s
66 verbose git [ 'tag', 'example-app@1.1.0', '-m', 'example-app@1.1.0' ]
67 silly gitTag @my-scope/package-a@1.1.0 git tag %s -m %s
68 verbose git [
68 verbose git   'tag',
68 verbose git   '@my-scope/package-a@1.1.0',
68 verbose git   '-m',
68 verbose git   '@my-scope/package-a@1.1.0'
68 verbose git ]
69 silly gitTag @my-scope/package-b@1.1.0 git tag %s -m %s
70 verbose git [
70 verbose git   'tag',
70 verbose git   '@my-scope/package-b@1.1.0',
70 verbose git   '-m',
70 verbose git   '@my-scope/package-b@1.1.0'
70 verbose git ]
71 error Error: Command failed with exit code 128: git tag example-app@1.1.0 -m example-app@1.1.0
71 error fatal: tag 'example-app@1.1.0' already exists
71 error     at makeError (/Users/bianxiaokai/workspace/bxk-monorepo/node_modules/.pnpm/execa@5.0.0/node_modules/execa/lib/error.js:59:11)
71 error     at handlePromise (/Users/bianxiaokai/workspace/bxk-monorepo/node_modules/.pnpm/execa@5.0.0/node_modules/execa/index.js:114:26)
71 error     at process.processTicksAndRejections (node:internal/process/task_queues:95:5)
71 error     at async Promise.all (index 0)
71 error     at async VersionCommand.gitCommitAndTagVersionForUpdates (/Users/bianxiaokai/workspace/bxk-monorepo/node_modules/.pnpm/lerna@8.2.1_encoding@0.1.13/node_modules/lerna/dist/index.js:9959:11)
71 error     at async VersionCommand.commitAndTagUpdates (/Users/bianxiaokai/workspace/bxk-monorepo/node_modules/.pnpm/lerna@8.2.1_encoding@0.1.13/node_modules/lerna/dist/index.js:9935:18)
71 error     at async Promise.all (index 0)
